<?xml version="1.0" encoding="UTF-8"?>
<!-- Generated by org.testng.reporters.JUnitReportReporter -->
<testsuite hostname="digital-Latitude-E5470" failures="0" tests="2" name="com.dd.playwright.apiTest.CreateUserWithJsonFileTest" time="0.449" errors="0" timestamp="2025-09-23T16:57:04 IST" skipped="0">
  <testcase classname="com.dd.playwright.apiTest.CreateUserWithJsonFileTest" name="createUser" time="0.303"/>
  <testcase classname="com.dd.playwright.apiTest.CreateUserWithJsonFileTest" name="getUser" time="0.146"/>
</testsuite> <!-- com.dd.playwright.apiTest.CreateUserWithJsonFileTest -->
