<?xml version="1.0" encoding="UTF-8"?>
<!-- Generated by org.testng.reporters.JUnitReportReporter -->
<testsuite hostname="digital-Latitude-E5470" failures="0" tests="3" name="com.dd.playwright.apiTest.DeleteUserApiTest" time="0.948" errors="0" timestamp="2025-09-26T18:07:52 IST" skipped="0">
  <testcase classname="com.dd.playwright.apiTest.DeleteUserApiTest" name="getUser" time="0.162"/>
  <testcase classname="com.dd.playwright.apiTest.DeleteUserApiTest" name="deleteUser" time="0.242"/>
  <testcase classname="com.dd.playwright.apiTest.DeleteUserApiTest" name="createUser" time="0.544"/>
</testsuite> <!-- com.dd.playwright.apiTest.DeleteUserApiTest -->
