<?xml version="1.0" encoding="UTF-8"?>
<!-- Generated by org.testng.reporters.JUnitReportReporter -->
<testsuite hostname="digital-Latitude-E5470" failures="0" tests="2" name="com.dd.playwright.apiTest.CreateUserPostCallWithPOJOLombok" time="0.612" errors="0" timestamp="2025-09-26T16:37:35 IST" skipped="0">
  <testcase classname="com.dd.playwright.apiTest.CreateUserPostCallWithPOJOLombok" name="getUser" time="0.114"/>
  <testcase classname="com.dd.playwright.apiTest.CreateUserPostCallWithPOJOLombok" name="createUser" time="0.498"/>
</testsuite> <!-- com.dd.playwright.apiTest.CreateUserPostCallWithPOJOLombok -->
