<?xml version="1.0" encoding="UTF-8"?>
<!-- Generated by org.testng.reporters.JUnitReportReporter -->
<testsuite hostname="digital-Latitude-E5470" failures="0" tests="2" name="com.dd.playwright.apiTest.CreateUserPostCallWithPOJOTest" time="0.741" errors="0" timestamp="2025-09-26T15:24:53 IST" skipped="0">
  <testcase classname="com.dd.playwright.apiTest.CreateUserPostCallWithPOJOTest" name="createUser" time="0.537"/>
  <testcase classname="com.dd.playwright.apiTest.CreateUserPostCallWithPOJOTest" name="getUser" time="0.204"/>
</testsuite> <!-- com.dd.playwright.apiTest.CreateUserPostCallWithPOJOTest -->
