<?xml version="1.0" encoding="UTF-8"?>
<testng-results ignored="1" total="2" passed="1" failed="0" skipped="0">
  <reporter-output>
  </reporter-output>
  <suite started-at="2025-09-23T16:15:21 IST" name="Default suite" finished-at="2025-09-23T16:15:23 IST" duration-ms="2303">
    <groups>
    </groups>
    <test started-at="2025-09-23T16:15:21 IST" name="Default test" finished-at="2025-09-23T16:15:23 IST" duration-ms="2303">
      <class name="com.dd.playwright.apiTest.GetApiCall">
        <test-method is-config="true" signature="setup()[pri:0, instance:com.dd.playwright.apiTest.GetApiCall@1a5a4e19]" started-at="2025-09-23T16:15:21 IST" name="setup" finished-at="2025-09-23T16:15:23 IST" duration-ms="2008" status="PASS">
          <reporter-output>
          </reporter-output>
        </test-method> <!-- setup -->
        <test-method signature="getSpecificUser()[pri:0, instance:com.dd.playwright.apiTest.GetApiCall@1a5a4e19]" started-at="2025-09-23T16:15:23 IST" name="getSpecificUser" finished-at="2025-09-23T16:15:23 IST" duration-ms="236" status="PASS">
          <reporter-output>
          </reporter-output>
        </test-method> <!-- getSpecificUser -->
        <test-method is-config="true" signature="tearDown()[pri:0, instance:com.dd.playwright.apiTest.GetApiCall@1a5a4e19]" started-at="2025-09-23T16:15:23 IST" name="tearDown" finished-at="2025-09-23T16:15:23 IST" duration-ms="12" status="PASS">
          <reporter-output>
          </reporter-output>
        </test-method> <!-- tearDown -->
      </class> <!-- com.dd.playwright.apiTest.GetApiCall -->
    </test> <!-- Default test -->
  </suite> <!-- Default suite -->
</testng-results>
