<?xml version="1.0" encoding="UTF-8"?>
<testng-results ignored="0" total="3" passed="3" failed="0" skipped="0">
  <reporter-output>
  </reporter-output>
  <suite started-at="2025-09-26T18:07:49 IST" name="Default suite" finished-at="2025-09-26T18:07:52 IST" duration-ms="3006">
    <groups>
    </groups>
    <test started-at="2025-09-26T18:07:49 IST" name="Default test" finished-at="2025-09-26T18:07:52 IST" duration-ms="3006">
      <class name="com.dd.playwright.apiTest.DeleteUserApiTest">
        <test-method is-config="true" signature="setup()[pri:0, instance:com.dd.playwright.apiTest.DeleteUserApiTest@6cc4cdb9]" started-at="2025-09-26T18:07:49 IST" name="setup" finished-at="2025-09-26T18:07:51 IST" duration-ms="1982" status="PASS">
          <reporter-output>
          </reporter-output>
        </test-method> <!-- setup -->
        <test-method signature="createUser()[pri:0, instance:com.dd.playwright.apiTest.DeleteUserApiTest@6cc4cdb9]" started-at="2025-09-26T18:07:51 IST" name="createUser" finished-at="2025-09-26T18:07:52 IST" duration-ms="544" status="PASS">
          <reporter-output>
          </reporter-output>
        </test-method> <!-- createUser -->
        <test-method signature="getUser()[pri:0, instance:com.dd.playwright.apiTest.DeleteUserApiTest@6cc4cdb9]" started-at="2025-09-26T18:07:52 IST" name="getUser" finished-at="2025-09-26T18:07:52 IST" duration-ms="162" status="PASS">
          <reporter-output>
          </reporter-output>
        </test-method> <!-- getUser -->
        <test-method signature="deleteUser()[pri:0, instance:com.dd.playwright.apiTest.DeleteUserApiTest@6cc4cdb9]" started-at="2025-09-26T18:07:52 IST" name="deleteUser" finished-at="2025-09-26T18:07:52 IST" depends-on-methods="com.dd.playwright.apiTest.DeleteUserApiTest.createUser" duration-ms="242" status="PASS">
          <reporter-output>
          </reporter-output>
        </test-method> <!-- deleteUser -->
      </class> <!-- com.dd.playwright.apiTest.DeleteUserApiTest -->
    </test> <!-- Default test -->
  </suite> <!-- Default suite -->
</testng-results>
