<?xml version="1.0" encoding="UTF-8"?>
<!-- Generated by org.testng.reporters.JUnitXMLReporter -->
<testsuite ignored="1" hostname="digital-Latitude-E5470" failures="0" tests="1" name="Default test" time="2.303" errors="0" timestamp="2025-09-23T16:15:23 IST">
  <testcase classname="com.dd.playwright.apiTest.GetApiCall" name="getSpecificUser" time="0.236"/>
  <testcase classname="com.dd.playwright.apiTest.GetApiCall" name="getAPIUsersTest" time="0.0">
    <ignored/>
  </testcase> <!-- getAPIUsersTest -->
</testsuite> <!-- Default test -->
